<?xml version="1.0" encoding="utf-8"?><testsuites name="pytest tests"><testsuite name="pytest" errors="3" failures="0" skipped="0" tests="22" time="17.906" timestamp="2026-03-24T14:03:32.253209+00:00" hostname="agent-env-91951470-d787-4a77-a538-8520e148e32a"><testcase classname="backend.tests.test_new_features_v5.TestAuth" name="test_boss_login" time="0.458" /><testcase classname="backend.tests.test_new_features_v5.TestAuth" name="test_service_login" time="0.337" /><testcase classname="backend.tests.test_new_features_v5.TestAuth" name="test_driver_login" time="0.386" /><testcase classname="backend.tests.test_new_features_v5.TestDriverHoursAPI" name="test_get_driver_hours_empty" time="0.458" /><testcase classname="backend.tests.test_new_features_v5.TestDriverHoursAPI" name="test_boss_can_log_hours" time="0.654" /><testcase classname="backend.tests.test_new_features_v5.TestDriverHoursAPI" name="test_service_can_log_hours" time="0.950" /><testcase classname="backend.tests.test_new_features_v5.TestDriverHoursAPI" name="test_driver_cannot_log_hours" time="0.938" /><testcase classname="backend.tests.test_new_features_v5.TestDriverHoursAPI" name="test_filter_hours_by_driver" time="0.610" /><testcase classname="backend.tests.test_new_features_v5.TestLedgerAPI" name="test_get_ledger_boss_only" time="0.516" /><testcase classname="backend.tests.test_new_features_v5.TestLedgerAPI" name="test_ledger_driver_forbidden" time="0.513" /><testcase classname="backend.tests.test_new_features_v5.TestLedgerAPI" name="test_ledger_filter_by_type" time="0.814" /><testcase classname="backend.tests.test_new_features_v5.TestPaymentsAPI" name="test_driver_submit_payment" time="0.489" /><testcase classname="backend.tests.test_new_features_v5.TestPaymentsAPI" name="test_get_payments" time="0.562" /><testcase classname="backend.tests.test_new_features_v5.TestPaymentsAPI" name="test_boss_approve_payment" time="0.928" /><testcase classname="backend.tests.test_new_features_v5.TestPaymentsAPI" name="test_boss_reject_payment" time="0.931" /><testcase classname="backend.tests.test_new_features_v5.TestAuditLogsAPI" name="test_get_audit_logs_boss" time="0.476" /><testcase classname="backend.tests.test_new_features_v5.TestAuditLogsAPI" name="test_audit_logs_driver_forbidden" time="0.507" /><testcase classname="backend.tests.test_new_features_v5.TestPhotoUploadAPI" name="test_upload_photo_to_order" time="1.473"><error message="failed on setup with &quot;KeyError: 'id'&quot;">backend/tests/test_new_features_v5.py:381: in test_order_id
    order_id = order_resp.json()["id"]
               ^^^^^^^^^^^^^^^^^^^^^^^
E   KeyError: 'id'</error></testcase><testcase classname="backend.tests.test_new_features_v5.TestPhotoUploadAPI" name="test_get_order_photos" time="3.398"><error message="failed on setup with &quot;KeyError: 'id'&quot;">backend/tests/test_new_features_v5.py:381: in test_order_id
    order_id = order_resp.json()["id"]
               ^^^^^^^^^^^^^^^^^^^^^^^
E   KeyError: 'id'</error></testcase><testcase classname="backend.tests.test_new_features_v5.TestPhotoUploadAPI" name="test_get_photo_by_id" time="1.429"><error message="failed on setup with &quot;KeyError: 'id'&quot;">backend/tests/test_new_features_v5.py:381: in test_order_id
    order_id = order_resp.json()["id"]
               ^^^^^^^^^^^^^^^^^^^^^^^
E   KeyError: 'id'</error></testcase><testcase classname="backend.tests.test_new_features_v5.TestBossStats" name="test_get_boss_stats" time="0.496" /><testcase classname="backend.tests.test_new_features_v5.TestDriverStats" name="test_get_driver_stats" time="0.457" /></testsuite></testsuites>