<?xml version="1.0" encoding="utf-8"?><testsuites name="pytest tests"><testsuite name="pytest" errors="0" failures="0" skipped="0" tests="16" time="11.284" timestamp="2026-03-20T20:56:14.397248+00:00" hostname="agent-env-199b53b9-5b42-4a89-9ab8-f7667849cb93"><testcase classname="backend.tests.test_delivery_features_v3.TestAuth" name="test_login_service" time="0.387" /><testcase classname="backend.tests.test_delivery_features_v3.TestAuth" name="test_login_driver" time="0.365" /><testcase classname="backend.tests.test_delivery_features_v3.TestAuth" name="test_login_boss" time="0.334" /><testcase classname="backend.tests.test_delivery_features_v3.TestOrderType" name="test_create_delivery_order" time="0.929" /><testcase classname="backend.tests.test_delivery_features_v3.TestOrderType" name="test_create_pickup_order" time="0.896" /><testcase classname="backend.tests.test_delivery_features_v3.TestOrderType" name="test_order_type_in_list" time="0.445" /><testcase classname="backend.tests.test_delivery_features_v3.TestFreeGift" name="test_create_order_with_free_gift" time="0.674" /><testcase classname="backend.tests.test_delivery_features_v3.TestCancelOrder" name="test_cancel_pending_order" time="0.770" /><testcase classname="backend.tests.test_delivery_features_v3.TestCancelOrder" name="test_cannot_cancel_completed_order" time="0.914" /><testcase classname="backend.tests.test_delivery_features_v3.TestSplitRates" name="test_settings_have_split_rates" time="0.471" /><testcase classname="backend.tests.test_delivery_features_v3.TestSplitRates" name="test_update_split_rates" time="0.532" /><testcase classname="backend.tests.test_delivery_features_v3.TestDriverEarningsBreakdown" name="test_driver_stats_have_split_counts" time="0.520" /><testcase classname="backend.tests.test_delivery_features_v3.TestCancelledOrdersExcludedFromRevenue" name="test_cancelled_orders_not_in_revenue" time="1.335" /><testcase classname="backend.tests.test_delivery_features_v3.TestInventoryDeletion" name="test_service_can_delete_inventory" time="0.643" /><testcase classname="backend.tests.test_delivery_features_v3.TestInventoryDeletion" name="test_boss_can_delete_inventory" time="0.543" /><testcase classname="backend.tests.test_delivery_features_v3.TestCleanup" name="test_cleanup_test_orders" time="1.413" /></testsuite></testsuites>