<?xml version="1.0" encoding="utf-8"?><testsuites name="pytest tests"><testsuite name="pytest" errors="0" failures="0" skipped="0" tests="14" time="8.811" timestamp="2026-03-24T12:24:18.024000+00:00" hostname="agent-env-199b53b9-5b42-4a89-9ab8-f7667849cb93"><testcase classname="backend.tests.test_variant_features.TestInventoryVariantsCRUD" name="test_create_inventory_with_variants" time="0.650" /><testcase classname="backend.tests.test_variant_features.TestInventoryVariantsCRUD" name="test_get_inventory_returns_variants" time="0.489" /><testcase classname="backend.tests.test_variant_features.TestInventoryVariantsCRUD" name="test_update_inventory_variants" time="0.729" /><testcase classname="backend.tests.test_variant_features.TestInventoryVariantsCRUD" name="test_create_inventory_without_variants" time="0.606" /><testcase classname="backend.tests.test_variant_features.TestOrderWithVariants" name="test_create_order_with_variant_name" time="0.740" /><testcase classname="backend.tests.test_variant_features.TestOrderWithVariants" name="test_create_order_with_custom_price" time="0.690" /><testcase classname="backend.tests.test_variant_features.TestOrderWithVariants" name="test_order_without_variant_name" time="0.729" /><testcase classname="backend.tests.test_variant_features.TestOrderWithVariants" name="test_orders_list_includes_variant_name" time="0.521" /><testcase classname="backend.tests.test_variant_features.TestBossInventoryVariants" name="test_boss_can_create_variants" time="0.587" /><testcase classname="backend.tests.test_variant_features.TestBossInventoryVariants" name="test_boss_can_view_variants" time="0.465" /><testcase classname="backend.tests.test_variant_features.TestSettingsSplitRates" name="test_settings_have_split_rates" time="0.429" /><testcase classname="backend.tests.test_variant_features.TestSettingsSplitRates" name="test_update_split_rates" time="0.662" /><testcase classname="backend.tests.test_variant_features.TestCleanup" name="test_cleanup_test_orders" time="0.829" /><testcase classname="backend.tests.test_variant_features.TestCleanup" name="test_cleanup_test_inventory" time="0.567" /></testsuite></testsuites>