<?xml version="1.0" encoding="utf-8"?><testsuites name="pytest tests"><testsuite name="pytest" errors="0" failures="0" skipped="0" tests="16" time="6.300" timestamp="2026-03-25T04:09:27.398632+00:00" hostname="agent-env-91951470-d787-4a77-a538-8520e148e32a"><testcase classname="backend.tests.test_user_management_v7.TestHealthCheck" name="test_health_endpoint" time="0.324" /><testcase classname="backend.tests.test_user_management_v7.TestBossLogin" name="test_boss_login_returns_user_data" time="0.275" /><testcase classname="backend.tests.test_user_management_v7.TestUserCreationWithFullName" name="test_create_driver_with_full_name" time="0.546" /><testcase classname="backend.tests.test_user_management_v7.TestUserCreationWithFullName" name="test_create_cs_with_full_name" time="0.272" /><testcase classname="backend.tests.test_user_management_v7.TestUserCreationWithFullName" name="test_create_user_without_full_name_defaults_to_username" time="0.273" /><testcase classname="backend.tests.test_user_management_v7.TestGetAllUsersFullName" name="test_get_all_users_includes_full_name" time="0.050" /><testcase classname="backend.tests.test_user_management_v7.TestBossResetPassword" name="test_boss_reset_driver_password" time="0.671" /><testcase classname="backend.tests.test_user_management_v7.TestBossResetPassword" name="test_reset_password_validation_min_length" time="0.095" /><testcase classname="backend.tests.test_user_management_v7.TestBossResetPassword" name="test_reset_password_nonexistent_user" time="0.050" /><testcase classname="backend.tests.test_user_management_v7.TestSelfPasswordChange" name="test_boss_change_own_password" time="1.539" /><testcase classname="backend.tests.test_user_management_v7.TestSelfPasswordChange" name="test_driver_change_own_password" time="0.818" /><testcase classname="backend.tests.test_user_management_v7.TestSelfPasswordChange" name="test_change_password_wrong_current" time="0.547" /><testcase classname="backend.tests.test_user_management_v7.TestUserDeletion" name="test_boss_delete_user" time="0.367" /><testcase classname="backend.tests.test_user_management_v7.TestUserDeletion" name="test_boss_cannot_delete_self" time="0.097" /><testcase classname="backend.tests.test_user_management_v7.TestUserDeletion" name="test_delete_nonexistent_user" time="0.049" /><testcase classname="backend.tests.test_user_management_v7.TestCleanup" name="test_cleanup_test_users" time="0.211" /></testsuite></testsuites>