<?xml version="1.0" encoding="utf-8"?><testsuites name="pytest tests"><testsuite name="pytest" errors="0" failures="0" skipped="0" tests="17" time="13.491" timestamp="2026-03-25T05:03:51.175888+00:00" hostname="agent-env-91951470-d787-4a77-a538-8520e148e32a"><testcase classname="backend.tests.test_user_profile_v8.TestHealthAndAuth" name="test_health_check" time="0.285" /><testcase classname="backend.tests.test_user_profile_v8.TestHealthAndAuth" name="test_boss_login_returns_full_name" time="0.326" /><testcase classname="backend.tests.test_user_profile_v8.TestUserUpdateEndpoint" name="test_update_user_full_name" time="0.944" /><testcase classname="backend.tests.test_user_profile_v8.TestUserUpdateEndpoint" name="test_update_user_username" time="0.894" /><testcase classname="backend.tests.test_user_profile_v8.TestUserUpdateEndpoint" name="test_update_user_password" time="1.460" /><testcase classname="backend.tests.test_user_profile_v8.TestUserUpdateEndpoint" name="test_update_user_rejects_duplicate_username" time="0.926" /><testcase classname="backend.tests.test_user_profile_v8.TestUserUpdateEndpoint" name="test_update_user_password_validation" time="0.918" /><testcase classname="backend.tests.test_user_profile_v8.TestUserUpdateEndpoint" name="test_update_nonexistent_user" time="0.441" /><testcase classname="backend.tests.test_user_profile_v8.TestBossProfileUpdate" name="test_boss_can_update_own_profile" time="0.552" /><testcase classname="backend.tests.test_user_profile_v8.TestBossProfileUpdate" name="test_get_me_returns_updated_data" time="0.420" /><testcase classname="backend.tests.test_user_profile_v8.TestStaffUserManagement" name="test_get_all_users_returns_full_name" time="0.435" /><testcase classname="backend.tests.test_user_profile_v8.TestStaffUserManagement" name="test_delete_user_still_works" time="0.768" /><testcase classname="backend.tests.test_user_profile_v8.TestStaffUserManagement" name="test_self_delete_protection" time="0.530" /><testcase classname="backend.tests.test_user_profile_v8.TestDriverCSPasswordChange" name="test_driver_can_change_own_password" time="1.986" /><testcase classname="backend.tests.test_user_profile_v8.TestDriverCSPasswordChange" name="test_password_change_requires_correct_current" time="1.415" /><testcase classname="backend.tests.test_user_profile_v8.TestExistingStaffUsers" name="test_existing_users_visible_in_list" time="0.436" /><testcase classname="backend.tests.test_user_profile_v8.TestExistingStaffUsers" name="test_boss_can_edit_staff_via_update_endpoint" time="0.644" /></testsuite></testsuites>