<?xml version="1.0" encoding="utf-8"?><testsuites name="pytest tests"><testsuite name="pytest" errors="0" failures="0" skipped="0" tests="10" time="7.675" timestamp="2026-03-24T13:05:21.426996+00:00" hostname="agent-env-199b53b9-5b42-4a89-9ab8-f7667849cb93"><testcase classname="backend.tests.test_variant_stock_tracking.TestVariantStockCRUD" name="test_create_inventory_with_variant_stock" time="0.673" /><testcase classname="backend.tests.test_variant_stock_tracking.TestVariantStockCRUD" name="test_get_inventory_returns_variant_stock" time="0.488" /><testcase classname="backend.tests.test_variant_stock_tracking.TestOrderVariantStockDeduction" name="test_order_deducts_variant_stock" time="1.083" /><testcase classname="backend.tests.test_variant_stock_tracking.TestOrderVariantStockDeduction" name="test_order_insufficient_variant_stock_returns_400" time="0.792" /><testcase classname="backend.tests.test_variant_stock_tracking.TestOrderCancelRestoresVariantStock" name="test_cancel_order_restores_variant_stock" time="1.133" /><testcase classname="backend.tests.test_variant_stock_tracking.TestNonVariantProductStock" name="test_non_variant_order_uses_product_stock" time="1.073" /><testcase classname="backend.tests.test_variant_stock_tracking.TestNonVariantProductStock" name="test_non_variant_insufficient_stock_returns_400" time="0.765" /><testcase classname="backend.tests.test_variant_stock_tracking.TestStockTestProduct" name="test_stock_test_product_exists" time="0.440" /><testcase classname="backend.tests.test_variant_stock_tracking.TestCleanup" name="test_cleanup_test_orders" time="0.689" /><testcase classname="backend.tests.test_variant_stock_tracking.TestCleanup" name="test_cleanup_test_inventory" time="0.431" /></testsuite></testsuites>