<?xml version="1.0" encoding="utf-8"?><testsuites name="pytest tests"><testsuite name="pytest" errors="0" failures="0" skipped="0" tests="22" time="8.273" timestamp="2026-03-24T14:30:37.362271+00:00" hostname="agent-env-91951470-d787-4a77-a538-8520e148e32a"><testcase classname="backend.tests.test_ui_cleanup_v6.TestAuthAndSetup" name="test_health_check" time="0.293" /><testcase classname="backend.tests.test_ui_cleanup_v6.TestAuthAndSetup" name="test_boss_login" time="0.549" /><testcase classname="backend.tests.test_ui_cleanup_v6.TestAuthAndSetup" name="test_driver1_login" time="0.426" /><testcase classname="backend.tests.test_ui_cleanup_v6.TestAuthAndSetup" name="test_driver2_login" time="0.350" /><testcase classname="backend.tests.test_ui_cleanup_v6.TestAuthAndSetup" name="test_service_login" time="0.368" /><testcase classname="backend.tests.test_ui_cleanup_v6.TestPhotoUploadRemoved" name="test_photo_upload_endpoint_removed" time="0.521" /><testcase classname="backend.tests.test_ui_cleanup_v6.TestDriverCompleteOrder" name="test_driver_can_complete_own_order" time="1.038" /><testcase classname="backend.tests.test_ui_cleanup_v6.TestDriverCompleteOrder" name="test_driver_cannot_complete_other_driver_order" time="0.698" /><testcase classname="backend.tests.test_ui_cleanup_v6.TestFinanceCenterAPI" name="test_ledger_get_all" time="0.512" /><testcase classname="backend.tests.test_ui_cleanup_v6.TestFinanceCenterAPI" name="test_ledger_filter_by_type_orders" time="0.109" /><testcase classname="backend.tests.test_ui_cleanup_v6.TestFinanceCenterAPI" name="test_ledger_filter_by_type_deposits" time="0.108" /><testcase classname="backend.tests.test_ui_cleanup_v6.TestFinanceCenterAPI" name="test_ledger_filter_by_driver" time="0.271" /><testcase classname="backend.tests.test_ui_cleanup_v6.TestFinanceCenterAPI" name="test_ledger_filter_by_date_range" time="0.162" /><testcase classname="backend.tests.test_ui_cleanup_v6.TestFinanceCenterAPI" name="test_ledger_search" time="0.121" /><testcase classname="backend.tests.test_ui_cleanup_v6.TestPaymentsAPI" name="test_driver_submit_payment" time="0.479" /><testcase classname="backend.tests.test_ui_cleanup_v6.TestPaymentsAPI" name="test_get_pending_payments" time="0.448" /><testcase classname="backend.tests.test_ui_cleanup_v6.TestPaymentsAPI" name="test_approve_payment" time="0.251" /><testcase classname="backend.tests.test_ui_cleanup_v6.TestPaymentsAPI" name="test_reject_payment" time="0.233" /><testcase classname="backend.tests.test_ui_cleanup_v6.TestBossStatsAPI" name="test_boss_stats_structure" time="0.488" /><testcase classname="backend.tests.test_ui_cleanup_v6.TestBossStatsAPI" name="test_boss_stats_pending_collections_structure" time="0.154" /><testcase classname="backend.tests.test_ui_cleanup_v6.TestBossStatsAPI" name="test_boss_stats_pending_payments_structure" time="0.114" /><testcase classname="backend.tests.test_ui_cleanup_v6.TestDriverStatsAPI" name="test_driver_stats_structure" time="0.492" /></testsuite></testsuites>