<?xml version="1.0" encoding="utf-8"?><testsuites name="pytest tests"><testsuite name="pytest" errors="0" failures="0" skipped="0" tests="25" time="3.318" timestamp="2026-03-20T20:37:29.685396+00:00" hostname="agent-env-199b53b9-5b42-4a89-9ab8-f7667849cb93"><testcase classname="backend.tests.test_delivery_api.TestHealthCheck" name="test_health_endpoint" time="0.186" /><testcase classname="backend.tests.test_delivery_api.TestAuthentication" name="test_login_boss_success" time="0.285" /><testcase classname="backend.tests.test_delivery_api.TestAuthentication" name="test_login_service_success" time="0.274" /><testcase classname="backend.tests.test_delivery_api.TestAuthentication" name="test_login_driver_success" time="0.272" /><testcase classname="backend.tests.test_delivery_api.TestAuthentication" name="test_login_invalid_credentials" time="0.045" /><testcase classname="backend.tests.test_delivery_api.TestAuthentication" name="test_get_me_authenticated" time="0.317" /><testcase classname="backend.tests.test_delivery_api.TestAuthentication" name="test_get_me_unauthenticated" time="0.053" /><testcase classname="backend.tests.test_delivery_api.TestInventory" name="test_get_inventory" time="0.054" /><testcase classname="backend.tests.test_delivery_api.TestInventory" name="test_inventory_has_bogo_items" time="0.071" /><testcase classname="backend.tests.test_delivery_api.TestDrivers" name="test_get_drivers_as_service" time="0.075" /><testcase classname="backend.tests.test_delivery_api.TestDrivers" name="test_get_drivers_as_boss" time="0.330" /><testcase classname="backend.tests.test_delivery_api.TestDrivers" name="test_get_drivers_as_driver_forbidden" time="0.324" /><testcase classname="backend.tests.test_delivery_api.TestOrders" name="test_get_orders_as_service" time="0.051" /><testcase classname="backend.tests.test_delivery_api.TestOrders" name="test_get_orders_as_driver" time="0.045" /><testcase classname="backend.tests.test_delivery_api.TestOrders" name="test_create_order_as_service" time="0.150" /><testcase classname="backend.tests.test_delivery_api.TestOrders" name="test_create_order_without_driver_fails" time="0.139" /><testcase classname="backend.tests.test_delivery_api.TestOrders" name="test_complete_order_as_service" time="0.100" /><testcase classname="backend.tests.test_delivery_api.TestBossStats" name="test_get_boss_stats" time="0.054" /><testcase classname="backend.tests.test_delivery_api.TestBossStats" name="test_boss_stats_forbidden_for_driver" time="0.057" /><testcase classname="backend.tests.test_delivery_api.TestDriverStats" name="test_get_driver_stats" time="0.051" /><testcase classname="backend.tests.test_delivery_api.TestSettings" name="test_get_settings" time="0.062" /><testcase classname="backend.tests.test_delivery_api.TestSettings" name="test_update_settings_as_boss" time="0.049" /><testcase classname="backend.tests.test_delivery_api.TestSettings" name="test_update_settings_forbidden_for_service" time="0.050" /><testcase classname="backend.tests.test_delivery_api.TestAuditLogs" name="test_get_audit_logs_as_boss" time="0.047" /><testcase classname="backend.tests.test_delivery_api.TestAuditLogs" name="test_audit_logs_forbidden_for_service" time="0.049" /></testsuite></testsuites>