<?xml version="1.0" encoding="utf-8"?><testsuites name="pytest tests"><testsuite name="pytest" errors="0" failures="0" skipped="0" tests="22" time="17.004" timestamp="2026-03-24T14:10:01.590077+00:00" hostname="agent-env-91951470-d787-4a77-a538-8520e148e32a"><testcase classname="backend.tests.test_new_features_v5.TestAuth" name="test_boss_login" time="0.409" /><testcase classname="backend.tests.test_new_features_v5.TestAuth" name="test_service_login" time="0.368" /><testcase classname="backend.tests.test_new_features_v5.TestAuth" name="test_driver_login" time="0.370" /><testcase classname="backend.tests.test_new_features_v5.TestDriverHoursAPI" name="test_get_driver_hours_empty" time="0.490" /><testcase classname="backend.tests.test_new_features_v5.TestDriverHoursAPI" name="test_boss_can_log_hours" time="0.604" /><testcase classname="backend.tests.test_new_features_v5.TestDriverHoursAPI" name="test_service_can_log_hours" time="0.923" /><testcase classname="backend.tests.test_new_features_v5.TestDriverHoursAPI" name="test_driver_cannot_log_hours" time="0.987" /><testcase classname="backend.tests.test_new_features_v5.TestDriverHoursAPI" name="test_filter_hours_by_driver" time="0.611" /><testcase classname="backend.tests.test_new_features_v5.TestLedgerAPI" name="test_get_ledger_boss_only" time="0.506" /><testcase classname="backend.tests.test_new_features_v5.TestLedgerAPI" name="test_ledger_driver_forbidden" time="0.446" /><testcase classname="backend.tests.test_new_features_v5.TestLedgerAPI" name="test_ledger_filter_by_type" time="0.684" /><testcase classname="backend.tests.test_new_features_v5.TestPaymentsAPI" name="test_driver_submit_payment" time="0.556" /><testcase classname="backend.tests.test_new_features_v5.TestPaymentsAPI" name="test_get_payments" time="0.503" /><testcase classname="backend.tests.test_new_features_v5.TestPaymentsAPI" name="test_boss_approve_payment" time="0.965" /><testcase classname="backend.tests.test_new_features_v5.TestPaymentsAPI" name="test_boss_reject_payment" time="0.936" /><testcase classname="backend.tests.test_new_features_v5.TestAuditLogsAPI" name="test_get_audit_logs_boss" time="0.493" /><testcase classname="backend.tests.test_new_features_v5.TestAuditLogsAPI" name="test_audit_logs_driver_forbidden" time="0.484" /><testcase classname="backend.tests.test_new_features_v5.TestPhotoUploadAPI" name="test_upload_photo_to_order" time="1.826" /><testcase classname="backend.tests.test_new_features_v5.TestPhotoUploadAPI" name="test_get_order_photos" time="1.763" /><testcase classname="backend.tests.test_new_features_v5.TestPhotoUploadAPI" name="test_get_photo_by_id" time="2.096" /><testcase classname="backend.tests.test_new_features_v5.TestBossStats" name="test_get_boss_stats" time="0.464" /><testcase classname="backend.tests.test_new_features_v5.TestDriverStats" name="test_get_driver_stats" time="0.460" /></testsuite></testsuites>